<?xml version="1.0" ?>
<interface xmlns="http://zero-install.sourceforge.net/2004/injector/interface">
  <name>ZeroInstall-Test-GUI</name>
  <summary>dummy GUI interface for testing</summary>
  <description>
    Just for the unit tests!
  </description>
  <group main="test-gui">
    <implementation id="." stability="stable" version="1"/>
  </group>
</interface>
